<?xml version="1.0" encoding="UTF-8"?>
<testsuite name="TestFunctions" tests="1" skipped="0" failures="0" errors="0" timestamp="2018-03-29T09:06:54" hostname="Dongxus-MacBook-Pro.local" time="0.03">
  <properties/>
  <testcase name="collection" classname="TestFunctions" time="0.03"/>
  <system-out><![CDATA[]]></system-out>
  <system-err><![CDATA[]]></system-err>
</testsuite>
